<?xml version="1.0" encoding="UTF-8"?>
<!-- Generated by org.testng.reporters.JUnitXMLReporter -->
<testsuite ignored="6" hostname="LAPTOP-JL84H6HT" failures="1" tests="5" name="BrobserLunch" time="70.366" errors="0" timestamp="2022-12-14T00:41:20 IST">
  <testcase classname="Indyfin_Testcase.Browser_Lunch" name="LunchApp_URL" time="17.651"/>
  <testcase classname="Indyfin_Testcase.Login" name="EnterLoginDetails" time="3.528"/>
  <testcase classname="Indyfin_Testcase.Login" name="VerifyLogin" time="10.179"/>
  <testcase classname="Indyfin_Testcase.Indyfin_Profile" name="NavigateToProfile" time="3.338"/>
  <testcase classname="Indyfin_Testcase.Indyfin_Profile" name="Update_Profile_data" time="30.552">
    <failure type="org.openqa.selenium.ElementClickInterceptedException" message="element click intercepted: Element is not clickable at point (186, -860)
  (Session info: chrome=108.0.5359.99)
Build info: version: &amp;apos;4.1.1&amp;apos;, revision: &amp;apos;e8fcc2cecf&amp;apos;
System info: host: &amp;apos;LAPTOP-JL84H6HT&amp;apos;, ip: &amp;apos;192.168.150.237&amp;apos;, os.name: &amp;apos;Windows 10&amp;apos;, os.arch: &amp;apos;amd64&amp;apos;, os.version: &amp;apos;10.0&amp;apos;, java.version: &amp;apos;17&amp;apos;
Driver info: org.openqa.selenium.chrome.ChromeDriver
Command: [1de2eb69168dafb17e3486ce70a2d546, clickElement {id=2394853f-cea3-4b16-ba42-b9a0b10b7f21}]
Capabilities {acceptInsecureCerts: false, browserName: chrome, browserVersion: 108.0.5359.99, chrome: {chromedriverVersion: 108.0.5359.71 (1e0e3868ee06..., userDataDir: C:\Users\CL-009\AppData\Loc...}, goog:chromeOptions: {debuggerAddress: localhost:54969}, javascriptEnabled: true, networkConnectionEnabled: false, pageLoadStrategy: normal, platform: WINDOWS, platformName: WINDOWS, proxy: Proxy(), se:cdp: ws://localhost:54969/devtoo..., se:cdpVersion: 108.0.5359.99, setWindowRect: true, strictFileInteractability: false, timeouts: {implicit: 0, pageLoad: 300000, script: 30000}, unhandledPromptBehavior: dismiss and notify, webauthn:extension:credBlob: true, webauthn:extension:largeBlob: true, webauthn:virtualAuthenticators: true}
Element: [[ChromeDriver: chrome on WINDOWS (1de2eb69168dafb17e3486ce70a2d546)] -&amp;gt; id: about_read_more]
Session ID: 1de2eb69168dafb17e3486ce70a2d546">
      <![CDATA[org.openqa.selenium.ElementClickInterceptedException: element click intercepted: Element is not clickable at point (186, -860)
  (Session info: chrome=108.0.5359.99)
Build info: version: '4.1.1', revision: 'e8fcc2cecf'
System info: host: 'LAPTOP-JL84H6HT', ip: '192.168.150.237', os.name: 'Windows 10', os.arch: 'amd64', os.version: '10.0', java.version: '17'
Driver info: org.openqa.selenium.chrome.ChromeDriver
Command: [1de2eb69168dafb17e3486ce70a2d546, clickElement {id=2394853f-cea3-4b16-ba42-b9a0b10b7f21}]
Capabilities {acceptInsecureCerts: false, browserName: chrome, browserVersion: 108.0.5359.99, chrome: {chromedriverVersion: 108.0.5359.71 (1e0e3868ee06..., userDataDir: C:\Users\CL-009\AppData\Loc...}, goog:chromeOptions: {debuggerAddress: localhost:54969}, javascriptEnabled: true, networkConnectionEnabled: false, pageLoadStrategy: normal, platform: WINDOWS, platformName: WINDOWS, proxy: Proxy(), se:cdp: ws://localhost:54969/devtoo..., se:cdpVersion: 108.0.5359.99, setWindowRect: true, strictFileInteractability: false, timeouts: {implicit: 0, pageLoad: 300000, script: 30000}, unhandledPromptBehavior: dismiss and notify, webauthn:extension:credBlob: true, webauthn:extension:largeBlob: true, webauthn:virtualAuthenticators: true}
Element: [[ChromeDriver: chrome on WINDOWS (1de2eb69168dafb17e3486ce70a2d546)] -> id: about_read_more]
Session ID: 1de2eb69168dafb17e3486ce70a2d546
at org.openqa.selenium.remote.codec.w3c.W3CHttpResponseCodec.createException(W3CHttpResponseCodec.java:200)
at org.openqa.selenium.remote.codec.w3c.W3CHttpResponseCodec.decode(W3CHttpResponseCodec.java:133)
at org.openqa.selenium.remote.codec.w3c.W3CHttpResponseCodec.decode(W3CHttpResponseCodec.java:53)
at org.openqa.selenium.remote.HttpCommandExecutor.execute(HttpCommandExecutor.java:184)
at org.openqa.selenium.remote.service.DriverCommandExecutor.invokeExecute(DriverCommandExecutor.java:167)
at org.openqa.selenium.remote.service.DriverCommandExecutor.execute(DriverCommandExecutor.java:142)
at org.openqa.selenium.remote.RemoteWebDriver.execute(RemoteWebDriver.java:543)
at org.openqa.selenium.remote.RemoteWebElement.execute(RemoteWebElement.java:251)
at org.openqa.selenium.remote.RemoteWebElement.click(RemoteWebElement.java:77)
at Indyfin_Testcase.Indyfin_Profile.Update_Profile_data(Indyfin_Profile.java:68)
at java.base/java.util.ArrayList.forEach(ArrayList.java:1511)
... Removed 32 stack frames]]>
    </failure>
  </testcase> <!-- Update_Profile_data -->
  <testcase classname="Indyfin_Testcase.Login" name="EnterLoginDetails" time="0.0">
    <ignored/>
  </testcase> <!-- EnterLoginDetails -->
  <testcase classname="Indyfin_Testcase.Browser_Lunch" name="LunchApp_URL" time="0.0">
    <ignored/>
  </testcase> <!-- LunchApp_URL -->
  <testcase classname="Indyfin_Testcase.Browser_Lunch" name="LunchApp_URL" time="0.0">
    <ignored/>
  </testcase> <!-- LunchApp_URL -->
  <testcase classname="Indyfin_Testcase.Login" name="VerifyLogin" time="0.0">
    <ignored/>
  </testcase> <!-- VerifyLogin -->
  <testcase classname="Indyfin_Testcase.Browser_Lunch" name="@BeforeTest BroswerLunch" time="0.0">
    <ignored/>
  </testcase> <!-- @BeforeTest BroswerLunch -->
  <testcase classname="Indyfin_Testcase.Browser_Lunch" name="@BeforeTest BroswerLunch" time="0.0">
    <ignored/>
  </testcase> <!-- @BeforeTest BroswerLunch -->
</testsuite> <!-- BrobserLunch -->
